[INFO ] 2016-11-15 17:45:03.580 [localhost-startStop-1] ContextLoader - Root WebApplicationContext: initialization completed in 3275 ms
[INFO ] 2016-11-15 17:45:07.111 [main] RequestMappingHandlerAdapter - Looking for @ControllerAdvice: org.springframework.boot.context.embedded.AnnotationConfigEmbeddedWebApplicationContext@659499f1: startup date [Tue Nov 15 17:45:00 IST 2016]; root of context hierarchy
[INFO ] 2016-11-15 17:45:07.255 [main] RequestMappingHandlerMapping - Mapped "{[/company/test]}" onto public void com.example.controller.CompanyController.test()
[INFO ] 2016-11-15 17:45:07.259 [main] RequestMappingHandlerMapping - Mapped "{[/company/add],methods=[POST]}" onto public java.lang.String com.example.controller.CompanyController.addCompany(java.lang.String,java.lang.String,java.lang.String,java.lang.String,java.lang.String,java.lang.String,java.lang.String,java.lang.Boolean) throws java.text.ParseException
[INFO ] 2016-11-15 17:45:07.275 [main] RequestMappingHandlerMapping - Mapped "{[/error]}" onto public org.springframework.http.ResponseEntity<java.util.Map<java.lang.String, java.lang.Object>> org.springframework.boot.autoconfigure.web.BasicErrorController.error(javax.servlet.http.HttpServletRequest)
[INFO ] 2016-11-15 17:45:07.276 [main] RequestMappingHandlerMapping - Mapped "{[/error],produces=[text/html]}" onto public org.springframework.web.servlet.ModelAndView org.springframework.boot.autoconfigure.web.BasicErrorController.errorHtml(javax.servlet.http.HttpServletRequest,javax.servlet.http.HttpServletResponse)
[INFO ] 2016-11-15 17:45:07.337 [main] SimpleUrlHandlerMapping - Mapped URL path [/webjars/**] onto handler of type [class org.springframework.web.servlet.resource.ResourceHttpRequestHandler]
[INFO ] 2016-11-15 17:45:07.337 [main] SimpleUrlHandlerMapping - Mapped URL path [/**] onto handler of type [class org.springframework.web.servlet.resource.ResourceHttpRequestHandler]
[INFO ] 2016-11-15 17:45:07.399 [main] SimpleUrlHandlerMapping - Mapped URL path [/**/favicon.ico] onto handler of type [class org.springframework.web.servlet.resource.ResourceHttpRequestHandler]
[INFO ] 2016-11-15 17:45:30.283 [http-nio-8080-exec-1] DispatcherServlet - FrameworkServlet 'dispatcherServlet': initialization started
[INFO ] 2016-11-15 17:45:30.315 [http-nio-8080-exec-1] DispatcherServlet - FrameworkServlet 'dispatcherServlet': initialization completed in 31 ms
[INFO ] 2016-11-15 18:06:23.396 [localhost-startStop-1] ContextLoader - Root WebApplicationContext: initialization completed in 3724 ms
[INFO ] 2016-11-15 18:06:27.043 [main] RequestMappingHandlerAdapter - Looking for @ControllerAdvice: org.springframework.boot.context.embedded.AnnotationConfigEmbeddedWebApplicationContext@47d9a273: startup date [Tue Nov 15 18:06:19 IST 2016]; root of context hierarchy
[INFO ] 2016-11-15 18:06:27.157 [main] RequestMappingHandlerMapping - Mapped "{[/company/test]}" onto public java.lang.String com.example.controller.CompanyController.test()
[INFO ] 2016-11-15 18:06:27.158 [main] RequestMappingHandlerMapping - Mapped "{[/company/add],methods=[POST]}" onto public java.lang.String com.example.controller.CompanyController.addCompany(java.lang.String,java.lang.String,java.lang.String,java.lang.String,java.lang.String,java.lang.String,java.lang.String,java.lang.Boolean) throws java.text.ParseException
[INFO ] 2016-11-15 18:06:27.160 [main] RequestMappingHandlerMapping - Mapped "{[/error]}" onto public org.springframework.http.ResponseEntity<java.util.Map<java.lang.String, java.lang.Object>> org.springframework.boot.autoconfigure.web.BasicErrorController.error(javax.servlet.http.HttpServletRequest)
[INFO ] 2016-11-15 18:06:27.161 [main] RequestMappingHandlerMapping - Mapped "{[/error],produces=[text/html]}" onto public org.springframework.web.servlet.ModelAndView org.springframework.boot.autoconfigure.web.BasicErrorController.errorHtml(javax.servlet.http.HttpServletRequest,javax.servlet.http.HttpServletResponse)
[INFO ] 2016-11-15 18:06:27.206 [main] SimpleUrlHandlerMapping - Mapped URL path [/webjars/**] onto handler of type [class org.springframework.web.servlet.resource.ResourceHttpRequestHandler]
[INFO ] 2016-11-15 18:06:27.207 [main] SimpleUrlHandlerMapping - Mapped URL path [/**] onto handler of type [class org.springframework.web.servlet.resource.ResourceHttpRequestHandler]
[INFO ] 2016-11-15 18:06:27.280 [main] SimpleUrlHandlerMapping - Mapped URL path [/**/favicon.ico] onto handler of type [class org.springframework.web.servlet.resource.ResourceHttpRequestHandler]
[INFO ] 2016-11-15 18:07:35.183 [localhost-startStop-1] ContextLoader - Root WebApplicationContext: initialization completed in 3205 ms
[INFO ] 2016-11-15 18:07:38.537 [main] RequestMappingHandlerAdapter - Looking for @ControllerAdvice: org.springframework.boot.context.embedded.AnnotationConfigEmbeddedWebApplicationContext@1af2d44a: startup date [Tue Nov 15 18:07:31 IST 2016]; root of context hierarchy
[INFO ] 2016-11-15 18:07:38.676 [main] RequestMappingHandlerMapping - Mapped "{[/company/test]}" onto public java.lang.String com.example.controller.CompanyController.test()
[INFO ] 2016-11-15 18:07:38.678 [main] RequestMappingHandlerMapping - Mapped "{[/company/add],methods=[POST]}" onto public java.lang.String com.example.controller.CompanyController.addCompany(java.lang.String,java.lang.String,java.lang.String,java.lang.String,java.lang.String,java.lang.String,java.lang.String,java.lang.Boolean) throws java.text.ParseException
[INFO ] 2016-11-15 18:07:38.682 [main] RequestMappingHandlerMapping - Mapped "{[/error]}" onto public org.springframework.http.ResponseEntity<java.util.Map<java.lang.String, java.lang.Object>> org.springframework.boot.autoconfigure.web.BasicErrorController.error(javax.servlet.http.HttpServletRequest)
[INFO ] 2016-11-15 18:07:38.684 [main] RequestMappingHandlerMapping - Mapped "{[/error],produces=[text/html]}" onto public org.springframework.web.servlet.ModelAndView org.springframework.boot.autoconfigure.web.BasicErrorController.errorHtml(javax.servlet.http.HttpServletRequest,javax.servlet.http.HttpServletResponse)
[INFO ] 2016-11-15 18:07:38.758 [main] SimpleUrlHandlerMapping - Mapped URL path [/webjars/**] onto handler of type [class org.springframework.web.servlet.resource.ResourceHttpRequestHandler]
[INFO ] 2016-11-15 18:07:38.759 [main] SimpleUrlHandlerMapping - Mapped URL path [/**] onto handler of type [class org.springframework.web.servlet.resource.ResourceHttpRequestHandler]
[INFO ] 2016-11-15 18:07:38.860 [main] SimpleUrlHandlerMapping - Mapped URL path [/**/favicon.ico] onto handler of type [class org.springframework.web.servlet.resource.ResourceHttpRequestHandler]
[INFO ] 2016-11-15 18:08:07.631 [localhost-startStop-1] ContextLoader - Root WebApplicationContext: initialization completed in 3084 ms
[INFO ] 2016-11-15 18:08:10.922 [main] RequestMappingHandlerAdapter - Looking for @ControllerAdvice: org.springframework.boot.context.embedded.AnnotationConfigEmbeddedWebApplicationContext@7e7be63f: startup date [Tue Nov 15 18:08:04 IST 2016]; root of context hierarchy
[INFO ] 2016-11-15 18:08:11.046 [main] RequestMappingHandlerMapping - Mapped "{[/company/test]}" onto public java.lang.String com.example.controller.CompanyController.test()
[INFO ] 2016-11-15 18:08:11.047 [main] RequestMappingHandlerMapping - Mapped "{[/company/add],methods=[POST]}" onto public java.lang.String com.example.controller.CompanyController.addCompany(java.lang.String,java.lang.String,java.lang.String,java.lang.String,java.lang.String,java.lang.String,java.lang.String,java.lang.Boolean) throws java.text.ParseException
[INFO ] 2016-11-15 18:08:11.050 [main] RequestMappingHandlerMapping - Mapped "{[/error]}" onto public org.springframework.http.ResponseEntity<java.util.Map<java.lang.String, java.lang.Object>> org.springframework.boot.autoconfigure.web.BasicErrorController.error(javax.servlet.http.HttpServletRequest)
[INFO ] 2016-11-15 18:08:11.051 [main] RequestMappingHandlerMapping - Mapped "{[/error],produces=[text/html]}" onto public org.springframework.web.servlet.ModelAndView org.springframework.boot.autoconfigure.web.BasicErrorController.errorHtml(javax.servlet.http.HttpServletRequest,javax.servlet.http.HttpServletResponse)
[INFO ] 2016-11-15 18:08:11.100 [main] SimpleUrlHandlerMapping - Mapped URL path [/webjars/**] onto handler of type [class org.springframework.web.servlet.resource.ResourceHttpRequestHandler]
[INFO ] 2016-11-15 18:08:11.101 [main] SimpleUrlHandlerMapping - Mapped URL path [/**] onto handler of type [class org.springframework.web.servlet.resource.ResourceHttpRequestHandler]
[INFO ] 2016-11-15 18:08:11.164 [main] SimpleUrlHandlerMapping - Mapped URL path [/**/favicon.ico] onto handler of type [class org.springframework.web.servlet.resource.ResourceHttpRequestHandler]
[INFO ] 2016-11-15 18:08:39.840 [localhost-startStop-1] ContextLoader - Root WebApplicationContext: initialization completed in 3024 ms
[INFO ] 2016-11-15 18:08:43.030 [main] RequestMappingHandlerAdapter - Looking for @ControllerAdvice: org.springframework.boot.context.embedded.AnnotationConfigEmbeddedWebApplicationContext@2f217633: startup date [Tue Nov 15 18:08:36 IST 2016]; root of context hierarchy
[INFO ] 2016-11-15 18:08:43.152 [main] RequestMappingHandlerMapping - Mapped "{[/company/test]}" onto public java.lang.String com.example.controller.CompanyController.test()
[INFO ] 2016-11-15 18:08:43.154 [main] RequestMappingHandlerMapping - Mapped "{[/company/add],methods=[POST]}" onto public java.lang.String com.example.controller.CompanyController.addCompany(java.lang.String,java.lang.String,java.lang.String,java.lang.String,java.lang.String,java.lang.String,java.lang.String,java.lang.Boolean) throws java.text.ParseException
[INFO ] 2016-11-15 18:08:43.157 [main] RequestMappingHandlerMapping - Mapped "{[/error]}" onto public org.springframework.http.ResponseEntity<java.util.Map<java.lang.String, java.lang.Object>> org.springframework.boot.autoconfigure.web.BasicErrorController.error(javax.servlet.http.HttpServletRequest)
[INFO ] 2016-11-15 18:08:43.157 [main] RequestMappingHandlerMapping - Mapped "{[/error],produces=[text/html]}" onto public org.springframework.web.servlet.ModelAndView org.springframework.boot.autoconfigure.web.BasicErrorController.errorHtml(javax.servlet.http.HttpServletRequest,javax.servlet.http.HttpServletResponse)
[INFO ] 2016-11-15 18:08:43.201 [main] SimpleUrlHandlerMapping - Mapped URL path [/webjars/**] onto handler of type [class org.springframework.web.servlet.resource.ResourceHttpRequestHandler]
[INFO ] 2016-11-15 18:08:43.202 [main] SimpleUrlHandlerMapping - Mapped URL path [/**] onto handler of type [class org.springframework.web.servlet.resource.ResourceHttpRequestHandler]
[INFO ] 2016-11-15 18:08:43.270 [main] SimpleUrlHandlerMapping - Mapped URL path [/**/favicon.ico] onto handler of type [class org.springframework.web.servlet.resource.ResourceHttpRequestHandler]
[INFO ] 2016-11-15 18:09:08.271 [http-nio-8080-exec-1] DispatcherServlet - FrameworkServlet 'dispatcherServlet': initialization started
[INFO ] 2016-11-15 18:09:08.293 [http-nio-8080-exec-1] DispatcherServlet - FrameworkServlet 'dispatcherServlet': initialization completed in 22 ms
[INFO ] 2016-11-15 18:14:54.748 [localhost-startStop-1] ContextLoader - Root WebApplicationContext: initialization completed in 3068 ms
[INFO ] 2016-11-15 18:14:57.955 [main] RequestMappingHandlerAdapter - Looking for @ControllerAdvice: org.springframework.boot.context.embedded.AnnotationConfigEmbeddedWebApplicationContext@6cd28fa7: startup date [Tue Nov 15 18:14:51 IST 2016]; root of context hierarchy
[INFO ] 2016-11-15 18:14:58.071 [main] RequestMappingHandlerMapping - Mapped "{[/company/test]}" onto public java.lang.String com.example.controller.CompanyController.test()
[INFO ] 2016-11-15 18:14:58.073 [main] RequestMappingHandlerMapping - Mapped "{[/company/add],methods=[POST]}" onto public java.lang.String com.example.controller.CompanyController.addCompany(java.lang.String,java.lang.String,java.lang.String,java.lang.String,java.lang.String,java.lang.String,java.lang.String,java.lang.Boolean) throws java.text.ParseException
[INFO ] 2016-11-15 18:14:58.076 [main] RequestMappingHandlerMapping - Mapped "{[/error]}" onto public org.springframework.http.ResponseEntity<java.util.Map<java.lang.String, java.lang.Object>> org.springframework.boot.autoconfigure.web.BasicErrorController.error(javax.servlet.http.HttpServletRequest)
[INFO ] 2016-11-15 18:14:58.077 [main] RequestMappingHandlerMapping - Mapped "{[/error],produces=[text/html]}" onto public org.springframework.web.servlet.ModelAndView org.springframework.boot.autoconfigure.web.BasicErrorController.errorHtml(javax.servlet.http.HttpServletRequest,javax.servlet.http.HttpServletResponse)
[INFO ] 2016-11-15 18:14:58.123 [main] SimpleUrlHandlerMapping - Mapped URL path [/webjars/**] onto handler of type [class org.springframework.web.servlet.resource.ResourceHttpRequestHandler]
[INFO ] 2016-11-15 18:14:58.124 [main] SimpleUrlHandlerMapping - Mapped URL path [/**] onto handler of type [class org.springframework.web.servlet.resource.ResourceHttpRequestHandler]
[INFO ] 2016-11-15 18:14:58.186 [main] SimpleUrlHandlerMapping - Mapped URL path [/**/favicon.ico] onto handler of type [class org.springframework.web.servlet.resource.ResourceHttpRequestHandler]
[INFO ] 2016-11-15 18:22:17.521 [localhost-startStop-1] ContextLoader - Root WebApplicationContext: initialization completed in 3147 ms
[INFO ] 2016-11-15 18:22:20.789 [main] RequestMappingHandlerAdapter - Looking for @ControllerAdvice: org.springframework.boot.context.embedded.AnnotationConfigEmbeddedWebApplicationContext@2ed2d9cb: startup date [Tue Nov 15 18:22:14 IST 2016]; root of context hierarchy
[INFO ] 2016-11-15 18:22:20.895 [main] RequestMappingHandlerMapping - Mapped "{[/company/test]}" onto public java.lang.String com.example.controller.CompanyController.test()
[INFO ] 2016-11-15 18:22:20.896 [main] RequestMappingHandlerMapping - Mapped "{[/company/add],methods=[POST]}" onto public java.lang.String com.example.controller.CompanyController.addCompany(java.lang.String,java.lang.String,java.lang.String,java.lang.String,java.lang.String,java.lang.String,java.lang.String,java.lang.Boolean) throws java.text.ParseException
[INFO ] 2016-11-15 18:22:20.899 [main] RequestMappingHandlerMapping - Mapped "{[/error]}" onto public org.springframework.http.ResponseEntity<java.util.Map<java.lang.String, java.lang.Object>> org.springframework.boot.autoconfigure.web.BasicErrorController.error(javax.servlet.http.HttpServletRequest)
[INFO ] 2016-11-15 18:22:20.900 [main] RequestMappingHandlerMapping - Mapped "{[/error],produces=[text/html]}" onto public org.springframework.web.servlet.ModelAndView org.springframework.boot.autoconfigure.web.BasicErrorController.errorHtml(javax.servlet.http.HttpServletRequest,javax.servlet.http.HttpServletResponse)
[INFO ] 2016-11-15 18:22:20.947 [main] SimpleUrlHandlerMapping - Mapped URL path [/webjars/**] onto handler of type [class org.springframework.web.servlet.resource.ResourceHttpRequestHandler]
[INFO ] 2016-11-15 18:22:20.947 [main] SimpleUrlHandlerMapping - Mapped URL path [/**] onto handler of type [class org.springframework.web.servlet.resource.ResourceHttpRequestHandler]
[INFO ] 2016-11-15 18:22:21.009 [main] SimpleUrlHandlerMapping - Mapped URL path [/**/favicon.ico] onto handler of type [class org.springframework.web.servlet.resource.ResourceHttpRequestHandler]
[INFO ] 2016-11-15 18:23:06.654 [main] GenericWebApplicationContext - Refreshing org.springframework.web.context.support.GenericWebApplicationContext@1ab06251: startup date [Tue Nov 15 18:23:06 IST 2016]; root of context hierarchy
[INFO ] 2016-11-15 18:23:12.956 [main] RequestMappingHandlerAdapter - Looking for @ControllerAdvice: org.springframework.web.context.support.GenericWebApplicationContext@1ab06251: startup date [Tue Nov 15 18:23:06 IST 2016]; root of context hierarchy
[INFO ] 2016-11-15 18:23:13.151 [main] RequestMappingHandlerMapping - Mapped "{[/company/test]}" onto public java.lang.String com.example.controller.CompanyController.test()
[INFO ] 2016-11-15 18:23:13.153 [main] RequestMappingHandlerMapping - Mapped "{[/company/add],methods=[POST]}" onto public java.lang.String com.example.controller.CompanyController.addCompany(java.lang.String,java.lang.String,java.lang.String,java.lang.String,java.lang.String,java.lang.String,java.lang.String,java.lang.Boolean) throws java.text.ParseException
[INFO ] 2016-11-15 18:23:13.159 [main] RequestMappingHandlerMapping - Mapped "{[/error]}" onto public org.springframework.http.ResponseEntity<java.util.Map<java.lang.String, java.lang.Object>> org.springframework.boot.autoconfigure.web.BasicErrorController.error(javax.servlet.http.HttpServletRequest)
[INFO ] 2016-11-15 18:23:13.160 [main] RequestMappingHandlerMapping - Mapped "{[/error],produces=[text/html]}" onto public org.springframework.web.servlet.ModelAndView org.springframework.boot.autoconfigure.web.BasicErrorController.errorHtml(javax.servlet.http.HttpServletRequest,javax.servlet.http.HttpServletResponse)
[INFO ] 2016-11-15 18:23:13.220 [main] SimpleUrlHandlerMapping - Mapped URL path [/webjars/**] onto handler of type [class org.springframework.web.servlet.resource.ResourceHttpRequestHandler]
[INFO ] 2016-11-15 18:23:13.221 [main] SimpleUrlHandlerMapping - Mapped URL path [/**] onto handler of type [class org.springframework.web.servlet.resource.ResourceHttpRequestHandler]
[INFO ] 2016-11-15 18:23:13.305 [main] SimpleUrlHandlerMapping - Mapped URL path [/**/favicon.ico] onto handler of type [class org.springframework.web.servlet.resource.ResourceHttpRequestHandler]
[INFO ] 2016-11-15 18:23:13.760 [Thread-3] GenericWebApplicationContext - Closing org.springframework.web.context.support.GenericWebApplicationContext@1ab06251: startup date [Tue Nov 15 18:23:06 IST 2016]; root of context hierarchy
[INFO ] 2016-11-15 18:24:44.998 [main] GenericWebApplicationContext - Refreshing org.springframework.web.context.support.GenericWebApplicationContext@63f259c3: startup date [Tue Nov 15 18:24:44 IST 2016]; root of context hierarchy
[INFO ] 2016-11-15 18:24:51.182 [main] RequestMappingHandlerAdapter - Looking for @ControllerAdvice: org.springframework.web.context.support.GenericWebApplicationContext@63f259c3: startup date [Tue Nov 15 18:24:44 IST 2016]; root of context hierarchy
[INFO ] 2016-11-15 18:24:51.337 [main] RequestMappingHandlerMapping - Mapped "{[/company/test]}" onto public java.lang.String com.example.controller.CompanyController.test()
[INFO ] 2016-11-15 18:24:51.339 [main] RequestMappingHandlerMapping - Mapped "{[/company/add],methods=[POST]}" onto public java.lang.String com.example.controller.CompanyController.addCompany(java.lang.String,java.lang.String,java.lang.String,java.lang.String,java.lang.String,java.lang.String,java.lang.String,java.lang.Boolean) throws java.text.ParseException
[INFO ] 2016-11-15 18:24:51.342 [main] RequestMappingHandlerMapping - Mapped "{[/error]}" onto public org.springframework.http.ResponseEntity<java.util.Map<java.lang.String, java.lang.Object>> org.springframework.boot.autoconfigure.web.BasicErrorController.error(javax.servlet.http.HttpServletRequest)
[INFO ] 2016-11-15 18:24:51.343 [main] RequestMappingHandlerMapping - Mapped "{[/error],produces=[text/html]}" onto public org.springframework.web.servlet.ModelAndView org.springframework.boot.autoconfigure.web.BasicErrorController.errorHtml(javax.servlet.http.HttpServletRequest,javax.servlet.http.HttpServletResponse)
[INFO ] 2016-11-15 18:24:51.396 [main] SimpleUrlHandlerMapping - Mapped URL path [/webjars/**] onto handler of type [class org.springframework.web.servlet.resource.ResourceHttpRequestHandler]
[INFO ] 2016-11-15 18:24:51.396 [main] SimpleUrlHandlerMapping - Mapped URL path [/**] onto handler of type [class org.springframework.web.servlet.resource.ResourceHttpRequestHandler]
[INFO ] 2016-11-15 18:24:51.455 [main] SimpleUrlHandlerMapping - Mapped URL path [/**/favicon.ico] onto handler of type [class org.springframework.web.servlet.resource.ResourceHttpRequestHandler]
[INFO ] 2016-11-15 18:25:37.929 [main] GenericWebApplicationContext - Refreshing org.springframework.web.context.support.GenericWebApplicationContext@63f259c3: startup date [Tue Nov 15 18:25:37 IST 2016]; root of context hierarchy
[INFO ] 2016-11-15 18:25:44.363 [main] RequestMappingHandlerAdapter - Looking for @ControllerAdvice: org.springframework.web.context.support.GenericWebApplicationContext@63f259c3: startup date [Tue Nov 15 18:25:37 IST 2016]; root of context hierarchy
[INFO ] 2016-11-15 18:25:44.515 [main] RequestMappingHandlerMapping - Mapped "{[/company/test]}" onto public java.lang.String com.example.controller.CompanyController.test()
[INFO ] 2016-11-15 18:25:44.517 [main] RequestMappingHandlerMapping - Mapped "{[/company/add],methods=[POST]}" onto public java.lang.String com.example.controller.CompanyController.addCompany(java.lang.String,java.lang.String,java.lang.String,java.lang.String,java.lang.String,java.lang.String,java.lang.String,java.lang.Boolean) throws java.text.ParseException
[INFO ] 2016-11-15 18:25:44.521 [main] RequestMappingHandlerMapping - Mapped "{[/error]}" onto public org.springframework.http.ResponseEntity<java.util.Map<java.lang.String, java.lang.Object>> org.springframework.boot.autoconfigure.web.BasicErrorController.error(javax.servlet.http.HttpServletRequest)
[INFO ] 2016-11-15 18:25:44.521 [main] RequestMappingHandlerMapping - Mapped "{[/error],produces=[text/html]}" onto public org.springframework.web.servlet.ModelAndView org.springframework.boot.autoconfigure.web.BasicErrorController.errorHtml(javax.servlet.http.HttpServletRequest,javax.servlet.http.HttpServletResponse)
[INFO ] 2016-11-15 18:25:44.585 [main] SimpleUrlHandlerMapping - Mapped URL path [/webjars/**] onto handler of type [class org.springframework.web.servlet.resource.ResourceHttpRequestHandler]
[INFO ] 2016-11-15 18:25:44.585 [main] SimpleUrlHandlerMapping - Mapped URL path [/**] onto handler of type [class org.springframework.web.servlet.resource.ResourceHttpRequestHandler]
[INFO ] 2016-11-15 18:25:44.660 [main] SimpleUrlHandlerMapping - Mapped URL path [/**/favicon.ico] onto handler of type [class org.springframework.web.servlet.resource.ResourceHttpRequestHandler]
[INFO ] 2016-11-15 18:25:45.116 [Thread-3] GenericWebApplicationContext - Closing org.springframework.web.context.support.GenericWebApplicationContext@63f259c3: startup date [Tue Nov 15 18:25:37 IST 2016]; root of context hierarchy
[INFO ] 2016-11-15 18:26:40.248 [localhost-startStop-1] ContextLoader - Root WebApplicationContext: initialization completed in 4222 ms
[INFO ] 2016-11-15 18:26:44.462 [main] RequestMappingHandlerAdapter - Looking for @ControllerAdvice: org.springframework.boot.context.embedded.AnnotationConfigEmbeddedWebApplicationContext@f09733f: startup date [Tue Nov 15 18:26:35 IST 2016]; root of context hierarchy
[INFO ] 2016-11-15 18:26:44.569 [main] RequestMappingHandlerMapping - Mapped "{[/company/test]}" onto public java.lang.String com.example.controller.CompanyController.test()
[INFO ] 2016-11-15 18:26:44.571 [main] RequestMappingHandlerMapping - Mapped "{[/company/add],methods=[POST]}" onto public java.lang.String com.example.controller.CompanyController.addCompany(java.lang.String,java.lang.String,java.lang.String,java.lang.String,java.lang.String,java.lang.String,java.lang.String,java.lang.Boolean) throws java.text.ParseException
[INFO ] 2016-11-15 18:26:44.574 [main] RequestMappingHandlerMapping - Mapped "{[/error]}" onto public org.springframework.http.ResponseEntity<java.util.Map<java.lang.String, java.lang.Object>> org.springframework.boot.autoconfigure.web.BasicErrorController.error(javax.servlet.http.HttpServletRequest)
[INFO ] 2016-11-15 18:26:44.574 [main] RequestMappingHandlerMapping - Mapped "{[/error],produces=[text/html]}" onto public org.springframework.web.servlet.ModelAndView org.springframework.boot.autoconfigure.web.BasicErrorController.errorHtml(javax.servlet.http.HttpServletRequest,javax.servlet.http.HttpServletResponse)
[INFO ] 2016-11-15 18:26:44.618 [main] SimpleUrlHandlerMapping - Mapped URL path [/webjars/**] onto handler of type [class org.springframework.web.servlet.resource.ResourceHttpRequestHandler]
[INFO ] 2016-11-15 18:26:44.619 [main] SimpleUrlHandlerMapping - Mapped URL path [/**] onto handler of type [class org.springframework.web.servlet.resource.ResourceHttpRequestHandler]
[INFO ] 2016-11-15 18:26:44.682 [main] SimpleUrlHandlerMapping - Mapped URL path [/**/favicon.ico] onto handler of type [class org.springframework.web.servlet.resource.ResourceHttpRequestHandler]
[INFO ] 2016-11-15 18:26:51.673 [http-nio-8080-exec-1] DispatcherServlet - FrameworkServlet 'dispatcherServlet': initialization started
[INFO ] 2016-11-15 18:26:51.693 [http-nio-8080-exec-1] DispatcherServlet - FrameworkServlet 'dispatcherServlet': initialization completed in 20 ms
